
Attachement du package : 'dplyr'

Les objets suivants sont masqués depuis 'package:stats':

    filter, lag

Les objets suivants sont masqués depuis 'package:base':

    intersect, setdiff, setequal, union


Attachement du package : 'lubridate'

Les objets suivants sont masqués depuis 'package:base':

    date, intersect, setdiff, union

Linking to GEOS 3.13.1, GDAL 3.11.0, PROJ 9.6.0; sf_use_s2() is TRUE
here() starts at C:/Users/maxp1/Documents/guess_climate

Attachement du package : 'plotly'

L'objet suivant est masqué depuis 'package:ggplot2':

    last_plot

L'objet suivant est masqué depuis 'package:stats':

    filter

L'objet suivant est masqué depuis 'package:graphics':

    layout

User maxp17.mp@gmail.com for ecmwfr service added successfully in keychain
[1] "Fichier existant trouvé. Chargement de era5_temperatures_france.rds et poursuite du travail."
[1] "Dernière date traitée : 1979-05-31"
[1] "Détermination des points de grille les plus proches pour chaque ville..."
Superclass ecmwfr_service has cloneable=FALSE, but subclass ecmwfr_ds has cloneable=TRUE. A subclass cannot be cloneable when its superclass is not cloneable, so cloning will be disabled for ecmwfr_ds.
[1] "Fichier de grille décompressé et renommé avec succès."
[1] "Début du téléchargement des données ERA5-Land par année et par mois..."
[1] "Téléchargement et traitement des données pour l'année : 1979 , mois : 6"
Superclass ecmwfr_service has cloneable=FALSE, but subclass ecmwfr_ds has cloneable=TRUE. A subclass cannot be cloneable when its superclass is not cloneable, so cloning will be disabled for ecmwfr_ds.
[1] "Fichier décompressé et renommé : C:/Users/maxp1/Documents/guess_climate/data/era5_data_raw_1979_6.nc"
[1] "Données pour le mois de 6 sauvegardées avec succès dans le fichier : era5_temperatures_france.rds"
[1] "Téléchargement et traitement des données pour l'année : 1979 , mois : 7"
Superclass ecmwfr_service has cloneable=FALSE, but subclass ecmwfr_ds has cloneable=TRUE. A subclass cannot be cloneable when its superclass is not cloneable, so cloning will be disabled for ecmwfr_ds.
[1] "Fichier décompressé et renommé : C:/Users/maxp1/Documents/guess_climate/data/era5_data_raw_1979_7.nc"
[1] "Données pour le mois de 7 sauvegardées avec succès dans le fichier : era5_temperatures_france.rds"
[1] "Téléchargement et traitement des données pour l'année : 1979 , mois : 8"
Superclass ecmwfr_service has cloneable=FALSE, but subclass ecmwfr_ds has cloneable=TRUE. A subclass cannot be cloneable when its superclass is not cloneable, so cloning will be disabled for ecmwfr_ds.
[1] "Fichier décompressé et renommé : C:/Users/maxp1/Documents/guess_climate/data/era5_data_raw_1979_8.nc"
[1] "Données pour le mois de 8 sauvegardées avec succès dans le fichier : era5_temperatures_france.rds"
[1] "Téléchargement et traitement des données pour l'année : 1979 , mois : 9"
Superclass ecmwfr_service has cloneable=FALSE, but subclass ecmwfr_ds has cloneable=TRUE. A subclass cannot be cloneable when its superclass is not cloneable, so cloning will be disabled for ecmwfr_ds.
[1] "Fichier décompressé et renommé : C:/Users/maxp1/Documents/guess_climate/data/era5_data_raw_1979_9.nc"
[1] "Données pour le mois de 9 sauvegardées avec succès dans le fichier : era5_temperatures_france.rds"
[1] "Téléchargement et traitement des données pour l'année : 1979 , mois : 10"
Superclass ecmwfr_service has cloneable=FALSE, but subclass ecmwfr_ds has cloneable=TRUE. A subclass cannot be cloneable when its superclass is not cloneable, so cloning will be disabled for ecmwfr_ds.
[1] "Fichier décompressé et renommé : C:/Users/maxp1/Documents/guess_climate/data/era5_data_raw_1979_10.nc"
[1] "Données pour le mois de 10 sauvegardées avec succès dans le fichier : era5_temperatures_france.rds"
[1] "Téléchargement et traitement des données pour l'année : 1979 , mois : 11"
Superclass ecmwfr_service has cloneable=FALSE, but subclass ecmwfr_ds has cloneable=TRUE. A subclass cannot be cloneable when its superclass is not cloneable, so cloning will be disabled for ecmwfr_ds.
[1] "Fichier décompressé et renommé : C:/Users/maxp1/Documents/guess_climate/data/era5_data_raw_1979_11.nc"
[1] "Données pour le mois de 11 sauvegardées avec succès dans le fichier : era5_temperatures_france.rds"
[1] "Téléchargement et traitement des données pour l'année : 1979 , mois : 12"
Superclass ecmwfr_service has cloneable=FALSE, but subclass ecmwfr_ds has cloneable=TRUE. A subclass cannot be cloneable when its superclass is not cloneable, so cloning will be disabled for ecmwfr_ds.
[1] "Fichier décompressé et renommé : C:/Users/maxp1/Documents/guess_climate/data/era5_data_raw_1979_12.nc"
[1] "Données pour le mois de 12 sauvegardées avec succès dans le fichier : era5_temperatures_france.rds"
[1] "Téléchargement et traitement des données pour l'année : 1980 , mois : 1"
Superclass ecmwfr_service has cloneable=FALSE, but subclass ecmwfr_ds has cloneable=TRUE. A subclass cannot be cloneable when its superclass is not cloneable, so cloning will be disabled for ecmwfr_ds.
[1] "Fichier décompressé et renommé : C:/Users/maxp1/Documents/guess_climate/data/era5_data_raw_1980_1.nc"
[1] "Données pour le mois de 1 sauvegardées avec succès dans le fichier : era5_temperatures_france.rds"
[1] "Téléchargement et traitement des données pour l'année : 1980 , mois : 2"
Superclass ecmwfr_service has cloneable=FALSE, but subclass ecmwfr_ds has cloneable=TRUE. A subclass cannot be cloneable when its superclass is not cloneable, so cloning will be disabled for ecmwfr_ds.
^C